2023-07-20 12:22:39.810  INFO 7684 --- [main] com.tuempresa.bdh2.Bdh2ApplicationTests  : Starting Bdh2ApplicationTests using Java 1.8.0_341 on DESKTOP-MB590SU with PID 7684 (started by Jhon Eneque V in E:\Documentos\PROYECTOS\SPRINGBOOT\bdh2)
2023-07-20 12:22:39.811  INFO 7684 --- [main] com.tuempresa.bdh2.Bdh2ApplicationTests  : No active profile set, falling back to 1 default profile: "default"
2023-07-20 12:22:40.369  INFO 7684 --- [main] .s.d.r.c.RepositoryConfigurationDelegate : Bootstrapping Spring Data JPA repositories in DEFAULT mode.
2023-07-20 12:22:40.430  INFO 7684 --- [main] .s.d.r.c.RepositoryConfigurationDelegate : Finished Spring Data repository scanning in 51 ms. Found 1 JPA repository interfaces.
2023-07-20 12:22:40.945  INFO 7684 --- [main] o.hibernate.jpa.internal.util.LogHelper  : HHH000204: Processing PersistenceUnitInfo [name: default]
2023-07-20 12:22:40.997  INFO 7684 --- [main] org.hibernate.Version                    : HHH000412: Hibernate ORM core version 5.6.15.Final
2023-07-20 12:22:41.173  INFO 7684 --- [main] o.hibernate.annotations.common.Version   : HCANN000001: Hibernate Commons Annotations {5.1.2.Final}
2023-07-20 12:22:41.363  INFO 7684 --- [main] com.zaxxer.hikari.HikariDataSource       : HikariPool-1 - Starting...
2023-07-20 12:22:41.536  INFO 7684 --- [main] com.zaxxer.hikari.HikariDataSource       : HikariPool-1 - Start completed.
2023-07-20 12:22:41.564  INFO 7684 --- [main] org.hibernate.dialect.Dialect            : HHH000400: Using dialect: org.hibernate.dialect.H2Dialect
2023-07-20 12:22:42.017  INFO 7684 --- [main] o.h.e.t.j.p.i.JtaPlatformInitiator       : HHH000490: Using JtaPlatform implementation: [org.hibernate.engine.transaction.jta.platform.internal.NoJtaPlatform]
2023-07-20 12:22:42.026  INFO 7684 --- [main] j.LocalContainerEntityManagerFactoryBean : Initialized JPA EntityManagerFactory for persistence unit 'default'
2023-07-20 12:22:42.087  WARN 7684 --- [main] JpaBaseConfiguration$JpaWebConfiguration : spring.jpa.open-in-view is enabled by default. Therefore, database queries may be performed during view rendering. Explicitly configure spring.jpa.open-in-view to disable this warning
2023-07-20 12:22:42.703  INFO 7684 --- [main] o.s.s.web.DefaultSecurityFilterChain     : Will secure any request with [org.springframework.security.web.session.DisableEncodeUrlFilter@7d537616, org.springframework.security.web.context.request.async.WebAsyncManagerIntegrationFilter@604c7e9b, org.springframework.security.web.context.SecurityContextPersistenceFilter@3e2d8623, org.springframework.security.web.header.HeaderWriterFilter@1f7336b2, org.springframework.security.web.authentication.logout.LogoutFilter@29892a77, org.springframework.security.web.authentication.www.BasicAuthenticationFilter@6c830ebd, org.springframework.security.web.savedrequest.RequestCacheAwareFilter@68f776ee, org.springframework.security.web.servletapi.SecurityContextHolderAwareRequestFilter@23469199, org.springframework.security.web.authentication.AnonymousAuthenticationFilter@19d27c27, org.springframework.security.web.session.SessionManagementFilter@386e9fd8, org.springframework.security.web.access.ExceptionTranslationFilter@504b8705, org.springframework.security.web.access.intercept.FilterSecurityInterceptor@70cf7d1e]
2023-07-20 12:22:43.197  INFO 7684 --- [main] o.s.b.a.h2.H2ConsoleAutoConfiguration    : H2 console available at '/h2-console'. Database available at 'jdbc:h2:mem:testdb'
2023-07-20 12:22:43.480  INFO 7684 --- [main] com.tuempresa.bdh2.Bdh2ApplicationTests  : Started Bdh2ApplicationTests in 3.91 seconds (JVM running for 4.713)
2023-07-20 12:22:43.592  INFO 7684 --- [SpringApplicationShutdownHook] j.LocalContainerEntityManagerFactoryBean : Closing JPA EntityManagerFactory for persistence unit 'default'
2023-07-20 12:22:43.594  INFO 7684 --- [SpringApplicationShutdownHook] com.zaxxer.hikari.HikariDataSource       : HikariPool-1 - Shutdown initiated...
2023-07-20 12:22:43.597  INFO 7684 --- [SpringApplicationShutdownHook] com.zaxxer.hikari.HikariDataSource       : HikariPool-1 - Shutdown completed.
2023-07-20 12:22:48.040  INFO 12812 --- [main] com.tuempresa.bdh2.Bdh2Application       : Starting Bdh2Application v0.0.1-SNAPSHOT using Java 15.0.2 on DESKTOP-MB590SU with PID 12812 (E:\Documentos\PROYECTOS\SPRINGBOOT\bdh2\target\bdh2-0.0.1-SNAPSHOT.jar started by Jhon Eneque V in E:\Documentos\PROYECTOS\SPRINGBOOT\bdh2)
2023-07-20 12:22:48.044  INFO 12812 --- [main] com.tuempresa.bdh2.Bdh2Application       : No active profile set, falling back to 1 default profile: "default"
2023-07-20 12:22:48.648  INFO 12812 --- [main] .s.d.r.c.RepositoryConfigurationDelegate : Bootstrapping Spring Data JPA repositories in DEFAULT mode.
2023-07-20 12:22:48.712  INFO 12812 --- [main] .s.d.r.c.RepositoryConfigurationDelegate : Finished Spring Data repository scanning in 52 ms. Found 1 JPA repository interfaces.
2023-07-20 12:22:49.336  INFO 12812 --- [main] o.s.b.w.embedded.tomcat.TomcatWebServer  : Tomcat initialized with port(s): 8080 (http)
2023-07-20 12:22:49.346  INFO 12812 --- [main] o.apache.catalina.core.StandardService   : Starting service [Tomcat]
2023-07-20 12:22:49.347  INFO 12812 --- [main] org.apache.catalina.core.StandardEngine  : Starting Servlet engine: [Apache Tomcat/9.0.76]
2023-07-20 12:22:49.413  INFO 12812 --- [main] o.a.c.c.C.[Tomcat].[localhost].[/]       : Initializing Spring embedded WebApplicationContext
2023-07-20 12:22:49.414  INFO 12812 --- [main] w.s.c.ServletWebServerApplicationContext : Root WebApplicationContext: initialization completed in 1314 ms
2023-07-20 12:22:49.449  INFO 12812 --- [main] com.zaxxer.hikari.HikariDataSource       : HikariPool-1 - Starting...
2023-07-20 12:22:49.646  INFO 12812 --- [main] com.zaxxer.hikari.HikariDataSource       : HikariPool-1 - Start completed.
2023-07-20 12:22:49.665  INFO 12812 --- [main] o.s.b.a.h2.H2ConsoleAutoConfiguration    : H2 console available at '/h2-console'. Database available at 'jdbc:h2:mem:testdb'
2023-07-20 12:22:49.820  INFO 12812 --- [main] o.hibernate.jpa.internal.util.LogHelper  : HHH000204: Processing PersistenceUnitInfo [name: default]
2023-07-20 12:22:49.876  INFO 12812 --- [main] org.hibernate.Version                    : HHH000412: Hibernate ORM core version 5.6.15.Final
2023-07-20 12:22:50.024  INFO 12812 --- [main] o.hibernate.annotations.common.Version   : HCANN000001: Hibernate Commons Annotations {5.1.2.Final}
2023-07-20 12:22:50.157  INFO 12812 --- [main] org.hibernate.dialect.Dialect            : HHH000400: Using dialect: org.hibernate.dialect.H2Dialect
2023-07-20 12:22:50.616  INFO 12812 --- [main] o.h.e.t.j.p.i.JtaPlatformInitiator       : HHH000490: Using JtaPlatform implementation: [org.hibernate.engine.transaction.jta.platform.internal.NoJtaPlatform]
2023-07-20 12:22:50.624  INFO 12812 --- [main] j.LocalContainerEntityManagerFactoryBean : Initialized JPA EntityManagerFactory for persistence unit 'default'
2023-07-20 12:22:50.677  WARN 12812 --- [main] JpaBaseConfiguration$JpaWebConfiguration : spring.jpa.open-in-view is enabled by default. Therefore, database queries may be performed during view rendering. Explicitly configure spring.jpa.open-in-view to disable this warning
2023-07-20 12:22:51.211  INFO 12812 --- [main] o.s.s.web.DefaultSecurityFilterChain     : Will secure any request with [org.springframework.security.web.session.DisableEncodeUrlFilter@37b57b54, org.springframework.security.web.context.request.async.WebAsyncManagerIntegrationFilter@5c1f6d57, org.springframework.security.web.context.SecurityContextPersistenceFilter@706eab5d, org.springframework.security.web.header.HeaderWriterFilter@7a0f244f, org.springframework.security.web.authentication.logout.LogoutFilter@3bfc6a5e, org.springframework.security.web.authentication.www.BasicAuthenticationFilter@28c86134, org.springframework.security.web.savedrequest.RequestCacheAwareFilter@40e60ece, org.springframework.security.web.servletapi.SecurityContextHolderAwareRequestFilter@5ac6c4f2, org.springframework.security.web.authentication.AnonymousAuthenticationFilter@f288c14, org.springframework.security.web.session.SessionManagementFilter@24b4d544, org.springframework.security.web.access.ExceptionTranslationFilter@7be7e15, org.springframework.security.web.access.intercept.FilterSecurityInterceptor@1d540566]
2023-07-20 12:22:51.523  INFO 12812 --- [main] o.s.b.w.embedded.tomcat.TomcatWebServer  : Tomcat started on port(s): 8080 (http) with context path ''
2023-07-20 12:22:51.535  INFO 12812 --- [main] com.tuempresa.bdh2.Bdh2Application       : Started Bdh2Application in 3.894 seconds (JVM running for 4.242)
2023-07-20 12:22:55.650  INFO 12812 --- [http-nio-8080-exec-1] o.a.c.c.C.[Tomcat].[localhost].[/]       : Initializing Spring DispatcherServlet 'dispatcherServlet'
2023-07-20 12:22:55.650  INFO 12812 --- [http-nio-8080-exec-1] o.s.web.servlet.DispatcherServlet        : Initializing Servlet 'dispatcherServlet'
2023-07-20 12:22:55.652  INFO 12812 --- [http-nio-8080-exec-1] o.s.web.servlet.DispatcherServlet        : Completed initialization in 1 ms
